<?xml version="1.0" encoding="UTF-8"?>
<testsuite name="Actualizar informacion dentro del Perfil" tests="3" skipped="0" failures="3" errors="0" timestamp="2021-09-19T19:31:10" hostname="LAPTOP-QAEL2JLR" time="15.728">
  <properties/>
  <testcase name="Validar la Obligatoriedad de los campos del perfil" classname="Actualizar informacion dentro del Perfil" time="4.817">
    <failure message="java.lang.AssertionError: &#10;Expected: is &quot;Inicio&quot;&#10;     but: was null" type="java.lang.AssertionError">java.lang.AssertionError: 
Expected: is &quot;Inicio&quot;
     but: was null
	at net.serenitybdd.screenplay.ErrorTally.throwSummaryExceptionFrom(ErrorTally.java:36)
	at net.serenitybdd.screenplay.ErrorTally.reportAnyErrors(ErrorTally.java:30)
	at net.serenitybdd.screenplay.Actor.should(Actor.java:231)
	at app.wappi.automatizacion.stepdefinitions.PedidosStepDefinition.seValidaElIngresoALaPagina(PedidosStepDefinition.java:36)
	at ✽.Se valida el ingreso a la pagina &quot;Inicio&quot;(src/test/resources/features/perfil.feature:11)
</failure>
  </testcase>
  <testcase name="Validar registro del perfil" classname="Actualizar informacion dentro del Perfil" time="4.998">
    <failure message="java.lang.AssertionError: &#10;Expected: is &quot;Inicio&quot;&#10;     but: was null" type="java.lang.AssertionError">java.lang.AssertionError: 
Expected: is &quot;Inicio&quot;
     but: was null
	at net.serenitybdd.screenplay.ErrorTally.throwSummaryExceptionFrom(ErrorTally.java:36)
	at net.serenitybdd.screenplay.ErrorTally.reportAnyErrors(ErrorTally.java:30)
	at net.serenitybdd.screenplay.Actor.should(Actor.java:231)
	at app.wappi.automatizacion.stepdefinitions.PedidosStepDefinition.seValidaElIngresoALaPagina(PedidosStepDefinition.java:36)
	at ✽.Se valida el ingreso a la pagina &quot;Inicio&quot;(src/test/resources/features/perfil.feature:11)
</failure>
  </testcase>
  <testcase name="Validar campos inicializados del perfil" classname="Actualizar informacion dentro del Perfil" time="5.91">
    <failure message="java.lang.AssertionError: &#10;Expected: is &quot;Inicio&quot;&#10;     but: was null" type="java.lang.AssertionError">java.lang.AssertionError: 
Expected: is &quot;Inicio&quot;
     but: was null
	at net.serenitybdd.screenplay.ErrorTally.throwSummaryExceptionFrom(ErrorTally.java:36)
	at net.serenitybdd.screenplay.ErrorTally.reportAnyErrors(ErrorTally.java:30)
	at net.serenitybdd.screenplay.Actor.should(Actor.java:231)
	at app.wappi.automatizacion.stepdefinitions.PedidosStepDefinition.seValidaElIngresoALaPagina(PedidosStepDefinition.java:36)
	at ✽.Se valida el ingreso a la pagina &quot;Inicio&quot;(src/test/resources/features/perfil.feature:11)
</failure>
  </testcase>
  <system-out><![CDATA[]]></system-out>
  <system-err><![CDATA[sep 19, 2021 2:31:10 PM org.openqa.selenium.remote.DesiredCapabilities chrome
INFORMACIÓN: Using `new ChromeOptions()` is preferred to `DesiredCapabilities.chrome()`
[1632079871.312][WARNING]: This version of ChromeDriver has not been tested with Chrome version 93.
sep 19, 2021 2:31:11 PM org.openqa.selenium.remote.ProtocolHandshake createSession
INFORMACIÓN: Detected dialect: W3C
sep 19, 2021 2:31:15 PM org.openqa.selenium.remote.DesiredCapabilities chrome
INFORMACIÓN: Using `new ChromeOptions()` is preferred to `DesiredCapabilities.chrome()`
[1632079876.200][WARNING]: This version of ChromeDriver has not been tested with Chrome version 93.
sep 19, 2021 2:31:16 PM org.openqa.selenium.remote.ProtocolHandshake createSession
INFORMACIÓN: Detected dialect: W3C
sep 19, 2021 2:31:20 PM org.openqa.selenium.remote.DesiredCapabilities chrome
INFORMACIÓN: Using `new ChromeOptions()` is preferred to `DesiredCapabilities.chrome()`
[1632079881.121][WARNING]: This version of ChromeDriver has not been tested with Chrome version 93.
sep 19, 2021 2:31:21 PM org.openqa.selenium.remote.ProtocolHandshake createSession
INFORMACIÓN: Detected dialect: W3C
]]></system-err>
</testsuite>
