<?xml version="1.0" encoding="UTF-8"?>
<testsuite name="Pedir una orden con y sin el cupón de bienvenida" tests="6" skipped="0" failures="6" errors="0" timestamp="2021-09-19T19:30:22" hostname="LAPTOP-QAEL2JLR" time="48.613">
  <properties/>
  <testcase name="Validar la solicitud de una orden de pedido" classname="Pedir una orden con y sin el cupón de bienvenida" time="7.027">
    <failure message="java.lang.AssertionError: &#10;Expected: is &quot;Inicio&quot;&#10;     but: was null" type="java.lang.AssertionError">java.lang.AssertionError: 
Expected: is &quot;Inicio&quot;
     but: was null
	at net.serenitybdd.screenplay.ErrorTally.throwSummaryExceptionFrom(ErrorTally.java:36)
	at net.serenitybdd.screenplay.ErrorTally.reportAnyErrors(ErrorTally.java:30)
	at net.serenitybdd.screenplay.Actor.should(Actor.java:231)
	at app.wappi.automatizacion.stepdefinitions.PedidosStepDefinition.seValidaElIngresoALaPagina(PedidosStepDefinition.java:36)
	at ✽.Se valida el ingreso a la pagina &quot;Inicio&quot;(src/test/resources/features/pedidos.feature:11)
</failure>
  </testcase>
  <testcase name="Validar la solicitud de una orden con cupón de bienvenida" classname="Pedir una orden con y sin el cupón de bienvenida" time="14.642">
    <failure message="java.lang.AssertionError: &#10;Expected: is &quot;Inicio&quot;&#10;     but: was null" type="java.lang.AssertionError">java.lang.AssertionError: 
Expected: is &quot;Inicio&quot;
     but: was null
	at net.serenitybdd.screenplay.ErrorTally.throwSummaryExceptionFrom(ErrorTally.java:36)
	at net.serenitybdd.screenplay.ErrorTally.reportAnyErrors(ErrorTally.java:30)
	at net.serenitybdd.screenplay.Actor.should(Actor.java:231)
	at app.wappi.automatizacion.stepdefinitions.PedidosStepDefinition.seValidaElIngresoALaPagina(PedidosStepDefinition.java:36)
	at ✽.Se valida el ingreso a la pagina &quot;Inicio&quot;(src/test/resources/features/pedidos.feature:11)
</failure>
  </testcase>
  <testcase name="Validar la solicitud de una orden sin cupón de bienvenida" classname="Pedir una orden con y sin el cupón de bienvenida" time="5.012">
    <failure message="java.lang.AssertionError: &#10;Expected: is &quot;Inicio&quot;&#10;     but: was null" type="java.lang.AssertionError">java.lang.AssertionError: 
Expected: is &quot;Inicio&quot;
     but: was null
	at net.serenitybdd.screenplay.ErrorTally.throwSummaryExceptionFrom(ErrorTally.java:36)
	at net.serenitybdd.screenplay.ErrorTally.reportAnyErrors(ErrorTally.java:30)
	at net.serenitybdd.screenplay.Actor.should(Actor.java:231)
	at app.wappi.automatizacion.stepdefinitions.PedidosStepDefinition.seValidaElIngresoALaPagina(PedidosStepDefinition.java:36)
	at ✽.Se valida el ingreso a la pagina &quot;Inicio&quot;(src/test/resources/features/pedidos.feature:11)
</failure>
  </testcase>
  <testcase name="Verificar validez de cupon" classname="Pedir una orden con y sin el cupón de bienvenida" time="8.811">
    <failure message="java.lang.AssertionError: &#10;Expected: is &quot;Inicio&quot;&#10;     but: was null" type="java.lang.AssertionError">java.lang.AssertionError: 
Expected: is &quot;Inicio&quot;
     but: was null
	at net.serenitybdd.screenplay.ErrorTally.throwSummaryExceptionFrom(ErrorTally.java:36)
	at net.serenitybdd.screenplay.ErrorTally.reportAnyErrors(ErrorTally.java:30)
	at net.serenitybdd.screenplay.Actor.should(Actor.java:231)
	at app.wappi.automatizacion.stepdefinitions.PedidosStepDefinition.seValidaElIngresoALaPagina(PedidosStepDefinition.java:36)
	at ✽.Se valida el ingreso a la pagina &quot;Inicio&quot;(src/test/resources/features/pedidos.feature:11)
</failure>
  </testcase>
  <testcase name="Verificar ingreso del cupon maximo 2 veces" classname="Pedir una orden con y sin el cupón de bienvenida" time="6.784">
    <failure message="java.lang.AssertionError: &#10;Expected: is &quot;Inicio&quot;&#10;     but: was null" type="java.lang.AssertionError">java.lang.AssertionError: 
Expected: is &quot;Inicio&quot;
     but: was null
	at net.serenitybdd.screenplay.ErrorTally.throwSummaryExceptionFrom(ErrorTally.java:36)
	at net.serenitybdd.screenplay.ErrorTally.reportAnyErrors(ErrorTally.java:30)
	at net.serenitybdd.screenplay.Actor.should(Actor.java:231)
	at app.wappi.automatizacion.stepdefinitions.PedidosStepDefinition.seValidaElIngresoALaPagina(PedidosStepDefinition.java:36)
	at ✽.Se valida el ingreso a la pagina &quot;Inicio&quot;(src/test/resources/features/pedidos.feature:11)
</failure>
  </testcase>
  <testcase name="Validar la informacion del Pedido" classname="Pedir una orden con y sin el cupón de bienvenida" time="6.32">
    <failure message="java.lang.AssertionError: &#10;Expected: is &quot;Inicio&quot;&#10;     but: was null" type="java.lang.AssertionError">java.lang.AssertionError: 
Expected: is &quot;Inicio&quot;
     but: was null
	at net.serenitybdd.screenplay.ErrorTally.throwSummaryExceptionFrom(ErrorTally.java:36)
	at net.serenitybdd.screenplay.ErrorTally.reportAnyErrors(ErrorTally.java:30)
	at net.serenitybdd.screenplay.Actor.should(Actor.java:231)
	at app.wappi.automatizacion.stepdefinitions.PedidosStepDefinition.seValidaElIngresoALaPagina(PedidosStepDefinition.java:36)
	at ✽.Se valida el ingreso a la pagina &quot;Inicio&quot;(src/test/resources/features/pedidos.feature:11)
</failure>
  </testcase>
  <system-out><![CDATA[]]></system-out>
  <system-err><![CDATA[sep 19, 2021 2:30:22 PM org.openqa.selenium.remote.DesiredCapabilities chrome
INFORMACIÓN: Using `new ChromeOptions()` is preferred to `DesiredCapabilities.chrome()`
Starting ChromeDriver 92.0.4515.43 (8c61b7e2989f2990d42f859cac71319137787cce-refs/branch-heads/4515@{#306}) on port 11578
Only local connections are allowed.
Please see https://chromedriver.chromium.org/security-considerations for suggestions on keeping ChromeDriver safe.
ChromeDriver was started successfully.
[1632079824.248][WARNING]: This version of ChromeDriver has not been tested with Chrome version 93.
sep 19, 2021 2:30:24 PM org.openqa.selenium.remote.ProtocolHandshake createSession
INFORMACIÓN: Detected dialect: W3C
sep 19, 2021 2:30:29 PM org.openqa.selenium.remote.DesiredCapabilities chrome
INFORMACIÓN: Using `new ChromeOptions()` is preferred to `DesiredCapabilities.chrome()`
[1632079829.752][WARNING]: This version of ChromeDriver has not been tested with Chrome version 93.
sep 19, 2021 2:30:29 PM org.openqa.selenium.remote.ProtocolHandshake createSession
INFORMACIÓN: Detected dialect: W3C
sep 19, 2021 2:30:43 PM org.openqa.selenium.remote.DesiredCapabilities chrome
INFORMACIÓN: Using `new ChromeOptions()` is preferred to `DesiredCapabilities.chrome()`
[1632079844.371][WARNING]: This version of ChromeDriver has not been tested with Chrome version 93.
sep 19, 2021 2:30:44 PM org.openqa.selenium.remote.ProtocolHandshake createSession
INFORMACIÓN: Detected dialect: W3C
sep 19, 2021 2:30:48 PM org.openqa.selenium.remote.DesiredCapabilities chrome
INFORMACIÓN: Using `new ChromeOptions()` is preferred to `DesiredCapabilities.chrome()`
[1632079849.565][WARNING]: This version of ChromeDriver has not been tested with Chrome version 93.
sep 19, 2021 2:30:49 PM org.openqa.selenium.remote.ProtocolHandshake createSession
INFORMACIÓN: Detected dialect: W3C
sep 19, 2021 2:30:57 PM org.openqa.selenium.remote.DesiredCapabilities chrome
INFORMACIÓN: Using `new ChromeOptions()` is preferred to `DesiredCapabilities.chrome()`
[1632079858.215][WARNING]: This version of ChromeDriver has not been tested with Chrome version 93.
sep 19, 2021 2:30:58 PM org.openqa.selenium.remote.ProtocolHandshake createSession
INFORMACIÓN: Detected dialect: W3C
sep 19, 2021 2:31:04 PM org.openqa.selenium.remote.DesiredCapabilities chrome
INFORMACIÓN: Using `new ChromeOptions()` is preferred to `DesiredCapabilities.chrome()`
[1632079865.032][WARNING]: This version of ChromeDriver has not been tested with Chrome version 93.
sep 19, 2021 2:31:05 PM org.openqa.selenium.remote.ProtocolHandshake createSession
INFORMACIÓN: Detected dialect: W3C
]]></system-err>
</testsuite>
