<!DOCTYPE html>
<html>
<head>
<meta http-equiv="Content-Type" content="text/html; charset=utf-8"/>
<meta http-equiv="x-ua-compatible" content="IE=edge"/>
<title>Test results - Class Actualizar informacion dentro del Perfil</title>
<link href="../css/base-style.css" rel="stylesheet" type="text/css"/>
<link href="../css/style.css" rel="stylesheet" type="text/css"/>
<script src="../js/report.js" type="text/javascript"></script>
</head>
<body>
<div id="content">
<h1>Class Actualizar informacion dentro del Perfil</h1>
<div class="breadcrumbs">
<a href="../index.html">all</a> &gt; 
<a href="../packages/default-package.html">default-package</a> &gt; Actualizar informacion dentro del Perfil</div>
<div id="summary">
<table>
<tr>
<td>
<div class="summaryGroup">
<table>
<tr>
<td>
<div class="infoBox" id="tests">
<div class="counter">3</div>
<p>tests</p>
</div>
</td>
<td>
<div class="infoBox" id="failures">
<div class="counter">3</div>
<p>failures</p>
</div>
</td>
<td>
<div class="infoBox" id="ignored">
<div class="counter">0</div>
<p>ignored</p>
</div>
</td>
<td>
<div class="infoBox" id="duration">
<div class="counter">15.725s</div>
<p>duration</p>
</div>
</td>
</tr>
</table>
</div>
</td>
<td>
<div class="infoBox failures" id="successRate">
<div class="percent">0%</div>
<p>successful</p>
</div>
</td>
</tr>
</table>
</div>
<div id="tabs">
<ul class="tabLinks">
<li>
<a href="#tab0">Failed tests</a>
</li>
<li>
<a href="#tab1">Tests</a>
</li>
<li>
<a href="#tab2">Standard error</a>
</li>
</ul>
<div id="tab0" class="tab">
<h2>Failed tests</h2>
<div class="test">
<a name="Validar campos inicializados del perfil"></a>
<h3 class="failures">Validar campos inicializados del perfil</h3>
<span class="code">
<pre>java.lang.AssertionError: 
Expected: is &quot;Inicio&quot;
     but: was null
	at net.serenitybdd.screenplay.ErrorTally.throwSummaryExceptionFrom(ErrorTally.java:36)
	at net.serenitybdd.screenplay.ErrorTally.reportAnyErrors(ErrorTally.java:30)
	at net.serenitybdd.screenplay.Actor.should(Actor.java:231)
	at app.wappi.automatizacion.stepdefinitions.PedidosStepDefinition.seValidaElIngresoALaPagina(PedidosStepDefinition.java:36)
	at ✽.Se valida el ingreso a la pagina &quot;Inicio&quot;(src/test/resources/features/perfil.feature:11)
</pre>
</span>
</div>
<div class="test">
<a name="Validar la Obligatoriedad de los campos del perfil"></a>
<h3 class="failures">Validar la Obligatoriedad de los campos del perfil</h3>
<span class="code">
<pre>java.lang.AssertionError: 
Expected: is &quot;Inicio&quot;
     but: was null
	at net.serenitybdd.screenplay.ErrorTally.throwSummaryExceptionFrom(ErrorTally.java:36)
	at net.serenitybdd.screenplay.ErrorTally.reportAnyErrors(ErrorTally.java:30)
	at net.serenitybdd.screenplay.Actor.should(Actor.java:231)
	at app.wappi.automatizacion.stepdefinitions.PedidosStepDefinition.seValidaElIngresoALaPagina(PedidosStepDefinition.java:36)
	at ✽.Se valida el ingreso a la pagina &quot;Inicio&quot;(src/test/resources/features/perfil.feature:11)
</pre>
</span>
</div>
<div class="test">
<a name="Validar registro del perfil"></a>
<h3 class="failures">Validar registro del perfil</h3>
<span class="code">
<pre>java.lang.AssertionError: 
Expected: is &quot;Inicio&quot;
     but: was null
	at net.serenitybdd.screenplay.ErrorTally.throwSummaryExceptionFrom(ErrorTally.java:36)
	at net.serenitybdd.screenplay.ErrorTally.reportAnyErrors(ErrorTally.java:30)
	at net.serenitybdd.screenplay.Actor.should(Actor.java:231)
	at app.wappi.automatizacion.stepdefinitions.PedidosStepDefinition.seValidaElIngresoALaPagina(PedidosStepDefinition.java:36)
	at ✽.Se valida el ingreso a la pagina &quot;Inicio&quot;(src/test/resources/features/perfil.feature:11)
</pre>
</span>
</div>
</div>
<div id="tab1" class="tab">
<h2>Tests</h2>
<table>
<thead>
<tr>
<th>Test</th>
<th>Duration</th>
<th>Result</th>
</tr>
</thead>
<tr>
<td class="failures">Validar campos inicializados del perfil</td>
<td class="failures">5.910s</td>
<td class="failures">failed</td>
</tr>
<tr>
<td class="failures">Validar la Obligatoriedad de los campos del perfil</td>
<td class="failures">4.817s</td>
<td class="failures">failed</td>
</tr>
<tr>
<td class="failures">Validar registro del perfil</td>
<td class="failures">4.998s</td>
<td class="failures">failed</td>
</tr>
</table>
</div>
<div id="tab2" class="tab">
<h2>Standard error</h2>
<span class="code">
<pre>sep 19, 2021 2:31:10 PM org.openqa.selenium.remote.DesiredCapabilities chrome
INFORMACIÓN: Using `new ChromeOptions()` is preferred to `DesiredCapabilities.chrome()`
[1632079871.312][WARNING]: This version of ChromeDriver has not been tested with Chrome version 93.
sep 19, 2021 2:31:11 PM org.openqa.selenium.remote.ProtocolHandshake createSession
INFORMACIÓN: Detected dialect: W3C
sep 19, 2021 2:31:15 PM org.openqa.selenium.remote.DesiredCapabilities chrome
INFORMACIÓN: Using `new ChromeOptions()` is preferred to `DesiredCapabilities.chrome()`
[1632079876.200][WARNING]: This version of ChromeDriver has not been tested with Chrome version 93.
sep 19, 2021 2:31:16 PM org.openqa.selenium.remote.ProtocolHandshake createSession
INFORMACIÓN: Detected dialect: W3C
sep 19, 2021 2:31:20 PM org.openqa.selenium.remote.DesiredCapabilities chrome
INFORMACIÓN: Using `new ChromeOptions()` is preferred to `DesiredCapabilities.chrome()`
[1632079881.121][WARNING]: This version of ChromeDriver has not been tested with Chrome version 93.
sep 19, 2021 2:31:21 PM org.openqa.selenium.remote.ProtocolHandshake createSession
INFORMACIÓN: Detected dialect: W3C
</pre>
</span>
</div>
</div>
<div id="footer">
<p>
<div>
<label class="hidden" id="label-for-line-wrapping-toggle" for="line-wrapping-toggle">Wrap lines
<input id="line-wrapping-toggle" type="checkbox" autocomplete="off"/>
</label>
</div>Generated by 
<a href="http://www.gradle.org">Gradle 7.1</a> at 19/09/2021 02:31:28 PM</p>
</div>
</div>
</body>
</html>
