<!DOCTYPE html>
<html>
<head>
<meta http-equiv="Content-Type" content="text/html; charset=utf-8"/>
<meta http-equiv="x-ua-compatible" content="IE=edge"/>
<title>Test results - Class Pedir una orden con y sin el cupón de bienvenida</title>
<link href="../css/base-style.css" rel="stylesheet" type="text/css"/>
<link href="../css/style.css" rel="stylesheet" type="text/css"/>
<script src="../js/report.js" type="text/javascript"></script>
</head>
<body>
<div id="content">
<h1>Class Pedir una orden con y sin el cupón de bienvenida</h1>
<div class="breadcrumbs">
<a href="../index.html">all</a> &gt; 
<a href="../packages/default-package.html">default-package</a> &gt; Pedir una orden con y sin el cupón de bienvenida</div>
<div id="summary">
<table>
<tr>
<td>
<div class="summaryGroup">
<table>
<tr>
<td>
<div class="infoBox" id="tests">
<div class="counter">6</div>
<p>tests</p>
</div>
</td>
<td>
<div class="infoBox" id="failures">
<div class="counter">6</div>
<p>failures</p>
</div>
</td>
<td>
<div class="infoBox" id="ignored">
<div class="counter">0</div>
<p>ignored</p>
</div>
</td>
<td>
<div class="infoBox" id="duration">
<div class="counter">48.596s</div>
<p>duration</p>
</div>
</td>
</tr>
</table>
</div>
</td>
<td>
<div class="infoBox failures" id="successRate">
<div class="percent">0%</div>
<p>successful</p>
</div>
</td>
</tr>
</table>
</div>
<div id="tabs">
<ul class="tabLinks">
<li>
<a href="#tab0">Failed tests</a>
</li>
<li>
<a href="#tab1">Tests</a>
</li>
<li>
<a href="#tab2">Standard error</a>
</li>
</ul>
<div id="tab0" class="tab">
<h2>Failed tests</h2>
<div class="test">
<a name="Validar la informacion del Pedido"></a>
<h3 class="failures">Validar la informacion del Pedido</h3>
<span class="code">
<pre>java.lang.AssertionError: 
Expected: is &quot;Inicio&quot;
     but: was null
	at net.serenitybdd.screenplay.ErrorTally.throwSummaryExceptionFrom(ErrorTally.java:36)
	at net.serenitybdd.screenplay.ErrorTally.reportAnyErrors(ErrorTally.java:30)
	at net.serenitybdd.screenplay.Actor.should(Actor.java:231)
	at app.wappi.automatizacion.stepdefinitions.PedidosStepDefinition.seValidaElIngresoALaPagina(PedidosStepDefinition.java:36)
	at ✽.Se valida el ingreso a la pagina &quot;Inicio&quot;(src/test/resources/features/pedidos.feature:11)
</pre>
</span>
</div>
<div class="test">
<a name="Validar la solicitud de una orden con cupón de bienvenida"></a>
<h3 class="failures">Validar la solicitud de una orden con cupón de bienvenida</h3>
<span class="code">
<pre>java.lang.AssertionError: 
Expected: is &quot;Inicio&quot;
     but: was null
	at net.serenitybdd.screenplay.ErrorTally.throwSummaryExceptionFrom(ErrorTally.java:36)
	at net.serenitybdd.screenplay.ErrorTally.reportAnyErrors(ErrorTally.java:30)
	at net.serenitybdd.screenplay.Actor.should(Actor.java:231)
	at app.wappi.automatizacion.stepdefinitions.PedidosStepDefinition.seValidaElIngresoALaPagina(PedidosStepDefinition.java:36)
	at ✽.Se valida el ingreso a la pagina &quot;Inicio&quot;(src/test/resources/features/pedidos.feature:11)
</pre>
</span>
</div>
<div class="test">
<a name="Validar la solicitud de una orden de pedido"></a>
<h3 class="failures">Validar la solicitud de una orden de pedido</h3>
<span class="code">
<pre>java.lang.AssertionError: 
Expected: is &quot;Inicio&quot;
     but: was null
	at net.serenitybdd.screenplay.ErrorTally.throwSummaryExceptionFrom(ErrorTally.java:36)
	at net.serenitybdd.screenplay.ErrorTally.reportAnyErrors(ErrorTally.java:30)
	at net.serenitybdd.screenplay.Actor.should(Actor.java:231)
	at app.wappi.automatizacion.stepdefinitions.PedidosStepDefinition.seValidaElIngresoALaPagina(PedidosStepDefinition.java:36)
	at ✽.Se valida el ingreso a la pagina &quot;Inicio&quot;(src/test/resources/features/pedidos.feature:11)
</pre>
</span>
</div>
<div class="test">
<a name="Validar la solicitud de una orden sin cupón de bienvenida"></a>
<h3 class="failures">Validar la solicitud de una orden sin cupón de bienvenida</h3>
<span class="code">
<pre>java.lang.AssertionError: 
Expected: is &quot;Inicio&quot;
     but: was null
	at net.serenitybdd.screenplay.ErrorTally.throwSummaryExceptionFrom(ErrorTally.java:36)
	at net.serenitybdd.screenplay.ErrorTally.reportAnyErrors(ErrorTally.java:30)
	at net.serenitybdd.screenplay.Actor.should(Actor.java:231)
	at app.wappi.automatizacion.stepdefinitions.PedidosStepDefinition.seValidaElIngresoALaPagina(PedidosStepDefinition.java:36)
	at ✽.Se valida el ingreso a la pagina &quot;Inicio&quot;(src/test/resources/features/pedidos.feature:11)
</pre>
</span>
</div>
<div class="test">
<a name="Verificar ingreso del cupon maximo 2 veces"></a>
<h3 class="failures">Verificar ingreso del cupon maximo 2 veces</h3>
<span class="code">
<pre>java.lang.AssertionError: 
Expected: is &quot;Inicio&quot;
     but: was null
	at net.serenitybdd.screenplay.ErrorTally.throwSummaryExceptionFrom(ErrorTally.java:36)
	at net.serenitybdd.screenplay.ErrorTally.reportAnyErrors(ErrorTally.java:30)
	at net.serenitybdd.screenplay.Actor.should(Actor.java:231)
	at app.wappi.automatizacion.stepdefinitions.PedidosStepDefinition.seValidaElIngresoALaPagina(PedidosStepDefinition.java:36)
	at ✽.Se valida el ingreso a la pagina &quot;Inicio&quot;(src/test/resources/features/pedidos.feature:11)
</pre>
</span>
</div>
<div class="test">
<a name="Verificar validez de cupon"></a>
<h3 class="failures">Verificar validez de cupon</h3>
<span class="code">
<pre>java.lang.AssertionError: 
Expected: is &quot;Inicio&quot;
     but: was null
	at net.serenitybdd.screenplay.ErrorTally.throwSummaryExceptionFrom(ErrorTally.java:36)
	at net.serenitybdd.screenplay.ErrorTally.reportAnyErrors(ErrorTally.java:30)
	at net.serenitybdd.screenplay.Actor.should(Actor.java:231)
	at app.wappi.automatizacion.stepdefinitions.PedidosStepDefinition.seValidaElIngresoALaPagina(PedidosStepDefinition.java:36)
	at ✽.Se valida el ingreso a la pagina &quot;Inicio&quot;(src/test/resources/features/pedidos.feature:11)
</pre>
</span>
</div>
</div>
<div id="tab1" class="tab">
<h2>Tests</h2>
<table>
<thead>
<tr>
<th>Test</th>
<th>Duration</th>
<th>Result</th>
</tr>
</thead>
<tr>
<td class="failures">Validar la informacion del Pedido</td>
<td class="failures">6.320s</td>
<td class="failures">failed</td>
</tr>
<tr>
<td class="failures">Validar la solicitud de una orden con cupón de bienvenida</td>
<td class="failures">14.642s</td>
<td class="failures">failed</td>
</tr>
<tr>
<td class="failures">Validar la solicitud de una orden de pedido</td>
<td class="failures">7.027s</td>
<td class="failures">failed</td>
</tr>
<tr>
<td class="failures">Validar la solicitud de una orden sin cupón de bienvenida</td>
<td class="failures">5.012s</td>
<td class="failures">failed</td>
</tr>
<tr>
<td class="failures">Verificar ingreso del cupon maximo 2 veces</td>
<td class="failures">6.784s</td>
<td class="failures">failed</td>
</tr>
<tr>
<td class="failures">Verificar validez de cupon</td>
<td class="failures">8.811s</td>
<td class="failures">failed</td>
</tr>
</table>
</div>
<div id="tab2" class="tab">
<h2>Standard error</h2>
<span class="code">
<pre>sep 19, 2021 2:30:22 PM org.openqa.selenium.remote.DesiredCapabilities chrome
INFORMACIÓN: Using `new ChromeOptions()` is preferred to `DesiredCapabilities.chrome()`
Starting ChromeDriver 92.0.4515.43 (8c61b7e2989f2990d42f859cac71319137787cce-refs/branch-heads/4515@{#306}) on port 11578
Only local connections are allowed.
Please see https://chromedriver.chromium.org/security-considerations for suggestions on keeping ChromeDriver safe.
ChromeDriver was started successfully.
[1632079824.248][WARNING]: This version of ChromeDriver has not been tested with Chrome version 93.
sep 19, 2021 2:30:24 PM org.openqa.selenium.remote.ProtocolHandshake createSession
INFORMACIÓN: Detected dialect: W3C
sep 19, 2021 2:30:29 PM org.openqa.selenium.remote.DesiredCapabilities chrome
INFORMACIÓN: Using `new ChromeOptions()` is preferred to `DesiredCapabilities.chrome()`
[1632079829.752][WARNING]: This version of ChromeDriver has not been tested with Chrome version 93.
sep 19, 2021 2:30:29 PM org.openqa.selenium.remote.ProtocolHandshake createSession
INFORMACIÓN: Detected dialect: W3C
sep 19, 2021 2:30:43 PM org.openqa.selenium.remote.DesiredCapabilities chrome
INFORMACIÓN: Using `new ChromeOptions()` is preferred to `DesiredCapabilities.chrome()`
[1632079844.371][WARNING]: This version of ChromeDriver has not been tested with Chrome version 93.
sep 19, 2021 2:30:44 PM org.openqa.selenium.remote.ProtocolHandshake createSession
INFORMACIÓN: Detected dialect: W3C
sep 19, 2021 2:30:48 PM org.openqa.selenium.remote.DesiredCapabilities chrome
INFORMACIÓN: Using `new ChromeOptions()` is preferred to `DesiredCapabilities.chrome()`
[1632079849.565][WARNING]: This version of ChromeDriver has not been tested with Chrome version 93.
sep 19, 2021 2:30:49 PM org.openqa.selenium.remote.ProtocolHandshake createSession
INFORMACIÓN: Detected dialect: W3C
sep 19, 2021 2:30:57 PM org.openqa.selenium.remote.DesiredCapabilities chrome
INFORMACIÓN: Using `new ChromeOptions()` is preferred to `DesiredCapabilities.chrome()`
[1632079858.215][WARNING]: This version of ChromeDriver has not been tested with Chrome version 93.
sep 19, 2021 2:30:58 PM org.openqa.selenium.remote.ProtocolHandshake createSession
INFORMACIÓN: Detected dialect: W3C
sep 19, 2021 2:31:04 PM org.openqa.selenium.remote.DesiredCapabilities chrome
INFORMACIÓN: Using `new ChromeOptions()` is preferred to `DesiredCapabilities.chrome()`
[1632079865.032][WARNING]: This version of ChromeDriver has not been tested with Chrome version 93.
sep 19, 2021 2:31:05 PM org.openqa.selenium.remote.ProtocolHandshake createSession
INFORMACIÓN: Detected dialect: W3C
</pre>
</span>
</div>
</div>
<div id="footer">
<p>
<div>
<label class="hidden" id="label-for-line-wrapping-toggle" for="line-wrapping-toggle">Wrap lines
<input id="line-wrapping-toggle" type="checkbox" autocomplete="off"/>
</label>
</div>Generated by 
<a href="http://www.gradle.org">Gradle 7.1</a> at 19/09/2021 02:31:28 PM</p>
</div>
</div>
</body>
</html>
